1:
1.79
2.63
2.12
3.11
2.09
2.57
2.07
2.02
2.69
1.42
2:
3.48
4.92
4.25
4.93
3.35
4.61
3.22
3.50
4.62
5.06
3:
6.32
5.32
7.08
5.97
6.10
6.33
5.81
6.69
5.71
5.22
4:
7.99
8.15
9.08
8.78
7.46
8.34
8.17
8.76
8.14
8.15
5:
10.21
10.79
9.58
9.45
10.07
10.84
11.09
9.77
10.42
10.24
6:
13.33
12.45
11.97
12.32
12.85
11.89
13.14
12.93
12.24
12.69
7:
15.52
13.80
14.30
13.77
15.04
15.39
14.95
14.02
15.01
15.37
8:
16.98
16.40
17.11
16.42
15.49
16.13
17.37
16.99
17.11
17.20
9:
18.32
17.80
19.21
18.34
17.97
19.12
18.63
18.95
18.83
19.18
10:
20.67
21.43
20.98
20.22
20.03
20.06
20.72
20.32
21.17
20.90
11:
22.68
22.13
22.50
23.22
23.99
22.58
22.58
22.02
22.18
22.92
12:
24.58
25.81
24.10
25.04
24.37
25.42
24.42
25.70
24.40
24.69
13:
27.38
26.29
28.26
27.08
27.81
26.08
27.77
27.89
27.44
26.67
14:
28.29
29.86
29.08
29.42
28.77
28.84
28.36
29.24
29.18
28.17
15:
32.14
32.16
31.20
31.13
31.93
31.88
30.62
32.73
31.90
31.80
16:
34.09
33.23
34.93
36.34
34.79
36.92
36.16
32.46
33.44
33.45
17:
35.77
34.98
36.49
35.05
35.50
36.11
34.99
35.55
35.49
35.45
18:
37.12
36.69
37.59
37.92
37.55
38.13
37.60
37.69
37.89
37.46
19:
40.67
39.33
40.59
39.89
40.67
40.75
38.88
40.22
40.45
38.80
20:
42.10
41.39
42.37
42.03
42.74
41.98
41.37
42.92
42.27
42.04