1:
1.52
2.98
3.28
1.98
1.41
1.31
2.95
1.37
2.40
1.05
2:
3.78
5.02
3.09
5.17
3.27
4.78
4.65
3.35
4.68
3.48
3:
7.07
6.72
5.70
6.08
6.77
6.77
6.52
5.70
5.66
6.05
4:
8.80
8.71
8.12
8.34
9.07
8.10
7.73
8.78
7.61
9.33
5:
9.38
9.65
9.75
10.74
11.28
9.44
9.79
10.68
11.41
11.14
6:
11.41
12.94
12.88
11.53
13.19
12.69
11.71
12.14
12.39
12.79
7:
14.68
15.43
14.75
15.26
13.60
14.29
13.99
13.45
14.35
13.68
8:
16.81
16.45
16.94
16.79
17.17
16.91
17.25
16.23
16.84
15.66
9:
19.39
19.30
19.40
19.63
18.28
18.61
18.37
19.85
18.09
17.70
10:
21.31
20.69
21.60
20.09
21.56
21.52
21.00
21.35
19.83
20.97
11:
22.13
22.51
23.50
23.14
23.10
22.77
22.21
23.63
23.81
22.21
12:
25.10
26.07
24.64
24.12
24.68
23.98
24.70
24.90
25.73
23.94
13:
26.06
27.28
27.51
27.33
26.78
25.93
27.17
27.14
27.05
27.91
14:
28.46
30.13
29.89
29.17
29.79
28.98
29.00
29.93
29.47
30.04
15:
31.83
32.20
30.80
30.35
30.51
30.34
31.07
33.58
31.21
31.73
16:
32.77
33.67
34.95
36.57
35.78
36.64
35.93
33.53
33.06
33.12
17:
35.68
36.16
35.04
35.61
35.27
35.28
35.46
35.02
36.06
36.23
18:
37.13
37.28
36.78
37.59
38.57
38.28
36.79
37.28
36.88
38.35
19:
39.23
39.65
39.91
38.91
40.21
40.29
39.46
41.13
39.85
39.82
20:
42.33
42.58
41.33
41.77
43.47
42.18
41.27
41.37
42.39
42.06