1:
2.42
2.35
2.78
2.45
2.35
2.21
2.10
2.05
2.13
2.03
2:
4.19
4.11
4.08
4.23
4.15
4.15
4.10
4.20
4.16
4.17
3:
6.31
6.20
6.19
6.26
6.18
6.13
6.26
6.19
6.25
6.14
4:
8.24
8.32
8.18
8.21
8.28
8.13
8.26
8.31
8.36
8.36
5:
10.25
10.33
10.37
10.23
10.47
10.26
10.33
10.46
10.42
10.49
6:
12.41
12.47
12.24
12.46
12.55
12.43
12.51
12.37
12.63
12.52
7:
14.57
14.63
14.40
14.54
14.50
14.65
14.62
14.45
14.46
14.51
8:
16.51
16.45
16.55
16.67
16.46
16.56
16.70
16.59
16.68
16.64
9:
18.69
18.74
18.58
18.81
18.67
18.77
18.76
18.93
18.72
18.65
10:
20.53
20.83
20.73
20.68
20.70
21.00
20.77
21.06
20.77
20.76
11:
22.61
23.05
22.93
22.85
23.24
23.00
22.87
22.67
22.87
23.02
12:
25.02
25.13
24.96
25.05
25.00
24.94
24.86
24.86
24.97
24.83
13:
26.86
27.03
27.33
27.42
26.91
26.89
27.00
27.08
26.85
27.13
14:
29.04
29.24
29.09
29.16
28.83
29.05
29.06
29.09
29.16
29.16
15:
31.32
31.40
31.22
31.32
31.48
31.25
31.38
33.14
31.27
31.37
16:
33.53
33.28
35.70
36.44
35.63
36.81
35.34
33.40
33.53
33.33
17:
35.61
35.84
35.63
35.83
35.42
35.55
35.32
35.53
35.45
35.70
18:
37.95
37.55
37.62
37.71
37.70
37.61
37.71
37.71
37.55
37.49
19:
39.80
39.69
39.73
39.70
39.67
39.94
39.74
40.50
40.55
39.79
20:
41.82
41.80
42.01
42.03
43.53
42.01
41.95
42.09
41.93
42.10
