1:
2.41
2.12
2.03
2.02
2.00
2.01
1.97
2.03
2.03
1.98
2:
3.49
2.92
3.49
3.23
3.39
3.45
3.32
3.33
3.43
3.73
3:
4.70
4.54
4.46
5.10
4.66
4.52
4.52
4.62
4.60
4.67
4:
5.93
5.98
6.29
6.56
6.64
5.57
6.13
6.02
5.59
6.11
5:
6.50
7.53
7.16
6.83
6.77
6.65
6.68
7.04
6.87
7.39
6:
7.72
7.94
8.34
7.91
7.94
8.40
9.28
8.99
8.70
8.52
7:
9.37
9.33
9.78
9.26
9.35
9.84
9.89
9.68
9.56
9.31
8:
10.42
10.33
10.54
10.74
10.44
12.41
11.16
10.52
10.35
10.13
9:
11.69
12.62
11.51
11.76
11.61
12.40
11.31
11.99
11.90
11.87
10:
13.19
13.31
12.80
13.44
12.45
12.52
12.84
13.25
13.22
13.68
11:
14.19
14.23
13.80
13.80
14.31
14.35
13.87
14.29
14.55
14.16
12:
16.35
14.92
15.21
15.28
16.33
15.70
15.28
15.15
15.27
15.17
13:
15.93
16.15
16.29
17.02
15.88
16.43
16.41
16.28
17.05
17.05
14:
18.19
24.67
26.72
23.96
24.54
35.68
20.61
16.74
17.58
17.12
15:
19.00
18.64
18.63
20.17
19.46
18.99
18.73
19.07
18.30
19.32
16:
19.77
20.23
20.25
19.98
20.09
21.37
19.57
19.88
19.89
19.89
17:
20.80
21.36
22.00
22.20
22.50
21.19
21.77
20.82
23.88
21.42
18:
22.77
22.89
22.58
22.65
23.82
23.84
22.24
22.01
23.58
21.44
19:
24.42
22.44
22.68
22.80
23.73
24.25
23.32
24.36
23.17
22.95
20:
23.54
25.07
26.16
23.96
25.13
24.04
23.85
24.33
23.90
23.35
