1:
1.83
1.97
1.82
1.93
1.72
1.68
1.64
1.63
1.72
1.71
2:
3.36
3.33
3.31
3.36
3.43
3.35
3.26
3.24
3.3
3.27
3:
4.92
4.92
4.9
4.89
4.92
4.98
5.03
5.11
5.17
4.95
4:
6.57
6.58
6.54
6.55
6.56
6.95
6.69
6.53
6.51
6.53
5:
8.27
8.31
8.24
8.33
8.29
8.3
8.3
8.19
8.29
8.56
6:
10
9.83
10.04
10.06
9.81
9.83
9.83
9.78
9.98
9.99
7:
11.43
11.37
11.82
11.08
9.11
9.01
9.04
8.97
8.95
8.88
8:
10.26
10.24
10.21
10.26
10.21
10.18
10.28
10.26
10.19
10.22
9:
11.54
11.55
11.52
11.54
11.51
12.06
16.59
16.03
13.88
13.51
10:
14.97
13.64
11.76
11.74
11.81
11.68
11.72
11.81
11.73
11.71
11:
12.84
12.87
12.87
12.94
12.89
12.91
12.94
12.85
12.86
14.13
12:
19.84
17.57
17.5
17.26
17.53
17.39
17.16
16.99
16.89
16.7
13:
18.22
18.23
18.24
17.01
17.17
17.14
17.06
16.84
17.24
17.25
14:
19.22
18.46
18.47
18.84
18.79
18.77
18.7
18.82
18.58
19.06
15:
20.18
20.42
20.32
20.35
21.26
20.83
20.2
20.3
20.2
20.18
16:
22.57
26.03
24.8
23.87
22.58
25.94
25.88
26.83
29.07
32.39
17:
33.16
33.46
28.03
25.13
23.56
23.44
23.52
23.47
23.77
23.75
18:
24.93
24.98
24.84
25.16
24.96
24.74
24.92
24.76
24.74
24.84
19:
26.27
26.23
26.25
26.2
26.12
26.23
26.26
26.3
26.27
27.67
20:
27.79
28.06
27.67
27.55
27.89
29.64
28.27
28.49
29.38
27.72