1:
1.54
1.72
1.44
1.40
1.41
1.40
1.39
1.40
1.40
1.40
2:
2.84
2.81
2.85
2.84
2.83
2.83
2.88
2.81
2.87
2.84
3:
4.31
4.35
4.29
4.40
4.38
4.35
4.30
4.33
4.27
4.35
4:
5.86
5.89
5.82
5.89
5.82
5.87
5.82
5.80
5.87
5.79
5:
7.37
7.36
7.33
7.34
7.42
7.33
7.44
7.39
7.39
7.29
6:
9.06
8.84
8.97
9.14
8.96
8.90
8.87
8.81
8.88
8.83
7:
10.43
10.43
10.38
10.45
10.38
10.59
10.35
10.36
10.40
10.37
8:
11.98
11.97
11.97
12.04
12.21
11.94
11.93
12.04
11.91
12.02
9:
13.47
13.66
13.67
13.53
13.52
13.56
13.57
13.58
13.55
13.66
10:
15.30
15.36
15.24
15.27
15.30
15.22
15.31
15.59
15.35
15.44
11:
17.00
17.17
16.97
16.95
16.89
17.02
16.68
16.88
17.05
16.96
12:
18.54
18.60
18.52
18.48
18.55
18.52
18.55
18.46
18.48
18.50
13:
20.19
20.18
20.09
20.08
20.11
20.13
20.11
20.14
20.03
20.17
14:
21.85
21.77
21.71
21.84
21.71
21.88
21.74
21.82
21.87
21.67
15:
23.43
23.48
23.41
23.29
23.52
23.38
23.44
23.37
23.42
23.48
16:
25.00
25.20
25.21
25.11
25.19
25.20
25.18
25.02
25.16
25.77
17:
26.81
26.66
26.88
26.85
26.77
26.72
26.78
26.80
26.93
26.82
18:
28.58
28.32
28.38
28.51
28.30
28.32
28.45
28.34
29.20
28.66
19:
30.12
30.26
30.05
30.35
30.25
30.30
30.21
30.27
30.71
30.42
20:
31.87
32.09
32.03
31.93
31.88
31.98
31.99
32.00
32.13
32.25
