1:
1.74
1.84
1.63
1.64
1.60
1.61
1.62
1.60
1.61
1.63
2:
3.22
3.24
3.26
3.24
3.22
3.20
3.19
3.21
3.22
3.21
3:
4.81
4.80
4.81
4.80
4.78
4.79
4.84
4.73
4.81
4.79
4:
6.33
6.40
6.35
6.42
6.35
6.37
6.37
6.42
6.39
6.39
5:
7.94
7.93
8.02
7.95
7.94
7.99
7.95
7.96
7.97
7.93
6:
9.76
9.62
9.60
9.56
9.59
9.54
9.58
9.58
9.59
9.54
7:
11.18
11.16
11.19
11.17
11.19
11.16
11.12
11.15
11.25
11.18
8:
12.73
12.67
12.72
12.79
13.59
12.69
12.74
12.70
12.69
12.72
9:
14.33
14.31
14.39
14.27
14.35
14.27
14.33
14.28
14.28
14.33
10:
15.90
15.91
15.90
15.96
15.81
15.88
15.88
15.87
15.88
15.86
11:
17.43
17.54
17.50
17.52
17.51
17.55
17.40
17.44
17.45
17.41
12:
19.10
19.14
19.02
19.04
18.98
19.09
18.98
19.11
19.26
19.34
13:
20.85
20.90
20.94
20.91
20.94
20.88
20.82
20.90
20.71
21.14
14:
22.48
22.40
22.33
22.35
22.34
22.25
22.35
22.40
22.34
22.32
15:
23.99
24.02
23.96
23.99
24.08
23.99
23.94
23.91
23.94
23.81
16:
25.52
25.41
25.38
25.38
25.40
25.34
25.45
25.76
25.38
25.43
17:
26.90
27.04
26.98
27.02
27.10
26.99
26.94
26.94
27.01
27.24
18:
28.78
28.62
28.57
28.66
28.78
28.65
28.62
28.65
28.78
28.53
19:
30.20
30.25
30.28
30.29
30.16
30.44
30.20
30.15
30.18
30.28
20:
31.89
31.92
31.79
31.92
31.98
31.87
31.73
31.85
31.73
31.91
