1:
1.75
1.88
1.62
1.60
1.64
1.61
1.61
1.59
1.62
1.63
2:
1.68
1.76
1.76
1.72
1.85
1.93
1.79
1.71
1.83
1.76
3:
2.53
2.57
2.59
2.55
2.60
2.55
2.56
2.55
2.51
2.61
4:
3.36
3.38
3.37
3.55
3.50
3.45
3.45
3.40
3.38
3.42
5:
4.33
4.38
4.24
4.27
4.21
4.23
4.29
4.27
4.24
4.48
6:
5.14
5.22
5.17
5.38
5.21
5.54
5.26
5.20
5.19
5.29
7:
6.23
6.27
6.44
6.24
6.37
6.19
6.13
6.15
6.51
6.22
8:
7.55
7.09
7.14
7.40
7.11
7.40
7.37
7.11
7.25
7.27
9:
8.10
8.22
8.21
8.37
8.38
8.31
8.28
9.70
8.99
9.06
10:
9.02
9.27
8.81
9.14
9.13
9.12
8.79
9.02
9.13
8.93
11:
10.03
10.07
10.34
10.18
10.01
10.04
9.84
11.01
9.94
9.94
12:
11.64
10.89
11.00
10.95
11.50
11.04
10.99
10.86
11.10
10.84
13:
11.79
12.05
11.96
11.80
11.88
12.17
12.05
11.90
11.85
12.05
14:
12.98
13.04
13.01
13.08
13.23
13.17
12.89
13.14
12.98
13.35
15:
14.05
14.01
13.85
13.77
13.83
13.68
13.99
14.23
14.04
13.91
16:
14.83
14.74
14.63
14.94
14.83
14.68
14.67
15.28
14.63
14.80
17:
15.78
15.66
15.82
15.85
16.01
15.80
16.19
15.85
15.85
15.67
18:
16.43
16.61
16.77
16.67
16.28
16.49
16.32
16.97
17.02
16.78
19:
17.73
17.56
17.97
17.92
17.76
17.83
17.74
17.62
17.83
17.94
20:
18.69
18.51
18.51
18.56
18.98
18.68
18.24
18.75
18.56
18.40
